<?xml version="1.0" encoding="UTF-8"?>
<!-- Generated by org.testng.reporters.JUnitReportReporter -->
<testsuite hostname="DESKTOP2015" name="com.kottesting.Tests.SelectorTestsWD" tests="1" failures="0" timestamp="29 Feb 2016 09:36:19 GMT" time="9.614" errors="0">
  <testcase name="SEL_001_BasicTaskEntry" time="9.614" classname="com.kottesting.Tests.SelectorTestsWD"/>
</testsuite> <!-- com.kottesting.Tests.SelectorTestsWD -->
