<?xml version="1.0" encoding="UTF-8"?>
<!-- Generated by org.testng.reporters.JUnitReportReporter -->
<testsuite hostname="DESKTOP2015" name="com.kottesting.LoginTestsWD" tests="3" failures="0" timestamp="27 Feb 2016 15:01:52 GMT" time="35.217" errors="0">
  <testcase name="FUN_001_LoginWithCorrectCredentials" time="10.116" classname="com.kottesting.LoginTestsWD"/>
  <testcase name="FUN_002_Logout" time="8.506" classname="com.kottesting.LoginTestsWD"/>
  <testcase name="FUN_003_LoginWithIncorrectPassword" time="16.595" classname="com.kottesting.LoginTestsWD"/>
</testsuite> <!-- com.kottesting.LoginTestsWD -->
